
2014-03-20 13:54:08
[WARN]-[Thread: main]-[net.sf.ehcache.config.ConfigurationFactory.parseConfiguration()]: No configuration found. Configuring ehcache from ehcache-failsafe.xml  found in the classpath: jar:file:/D:/repository/net/sf/ehcache/ehcache/2.8.1/ehcache-2.8.1.jar!/ehcache-failsafe.xml

2014-03-20 14:05:07
[ERROR]-[Thread: qtp6783657-29]-[freemarker.log.Log4JLoggerFactory$Log4JLogger.error()]: 

Expression path is undefined on line 9, column 19 in WEB-INF/views/index.html.
The problematic instruction:
----------
==> include path="layout/footer.html" [on line 9, column 9 in WEB-INF/views/index.html]
----------

Java backtrace for programmers:
----------
freemarker.core.InvalidReferenceException: Expression path is undefined on line 9, column 19 in WEB-INF/views/index.html.
	at freemarker.core.TemplateObject.assertNonNull(TemplateObject.java:124)
	at freemarker.core.ComparisonExpression.isTrue(ComparisonExpression.java:121)
	at freemarker.core.BooleanExpression._getAsTemplateModel(BooleanExpression.java:61)
	at freemarker.core.Expression.getAsTemplateModel(Expression.java:89)
	at freemarker.core.Expression.getStringValue(Expression.java:93)
	at freemarker.core.Include.accept(Include.java:110)
	at freemarker.core.Environment.visit(Environment.java:196)
	at freemarker.core.MixedContent.accept(MixedContent.java:92)
	at freemarker.core.Environment.visit(Environment.java:196)
	at freemarker.core.Environment.process(Environment.java:176)
	at freemarker.template.Template.process(Template.java:232)
	at com.jfinal.render.FreeMarkerRender.render(FreeMarkerRender.java:126)
	at com.jfinal.core.ActionHandler.handle(ActionHandler.java:92)
	at com.jfinal.core.JFinalFilter.doFilter(JFinalFilter.java:72)
	at org.eclipse.jetty.servlet.ServletHandler$CachedChain.doFilter(ServletHandler.java:1331)
	at org.eclipse.jetty.servlet.ServletHandler.doHandle(ServletHandler.java:477)
	at org.eclipse.jetty.server.handler.ScopedHandler.handle(ScopedHandler.java:119)
	at org.eclipse.jetty.security.SecurityHandler.handle(SecurityHandler.java:524)
	at org.eclipse.jetty.server.session.SessionHandler.doHandle(SessionHandler.java:227)
	at org.eclipse.jetty.server.handler.ContextHandler.doHandle(ContextHandler.java:1031)
	at org.eclipse.jetty.servlet.ServletHandler.doScope(ServletHandler.java:406)
	at org.eclipse.jetty.server.session.SessionHandler.doScope(SessionHandler.java:186)
	at org.eclipse.jetty.server.handler.ContextHandler.doScope(ContextHandler.java:965)
	at org.eclipse.jetty.server.handler.ScopedHandler.handle(ScopedHandler.java:117)
	at org.eclipse.jetty.server.handler.HandlerWrapper.handle(HandlerWrapper.java:111)
	at org.eclipse.jetty.server.Server.handle(Server.java:349)
	at org.eclipse.jetty.server.AbstractHttpConnection.handleRequest(AbstractHttpConnection.java:452)
	at org.eclipse.jetty.server.AbstractHttpConnection.headerComplete(AbstractHttpConnection.java:884)
	at org.eclipse.jetty.server.AbstractHttpConnection$RequestHandler.headerComplete(AbstractHttpConnection.java:938)
	at org.eclipse.jetty.http.HttpParser.parseNext(HttpParser.java:634)
	at org.eclipse.jetty.http.HttpParser.parseAvailable(HttpParser.java:230)
	at org.eclipse.jetty.server.AsyncHttpConnection.handle(AsyncHttpConnection.java:77)
	at org.eclipse.jetty.io.nio.SelectChannelEndPoint.handle(SelectChannelEndPoint.java:609)
	at org.eclipse.jetty.io.nio.SelectChannelEndPoint$1.run(SelectChannelEndPoint.java:45)
	at org.eclipse.jetty.util.thread.QueuedThreadPool.runJob(QueuedThreadPool.java:599)
	at org.eclipse.jetty.util.thread.QueuedThreadPool$3.run(QueuedThreadPool.java:534)
	at java.lang.Thread.run(Unknown Source)

2014-03-20 14:05:07
[ERROR]-[Thread: qtp6783657-29]-[com.jfinal.core.ActionHandler.handle()]: /
com.jfinal.render.RenderException: freemarker.core.InvalidReferenceException: Expression path is undefined on line 9, column 19 in WEB-INF/views/index.html.
	at com.jfinal.render.FreeMarkerRender.render(FreeMarkerRender.java:128)
	at com.jfinal.core.ActionHandler.handle(ActionHandler.java:92)
	at com.jfinal.core.JFinalFilter.doFilter(JFinalFilter.java:72)
	at org.eclipse.jetty.servlet.ServletHandler$CachedChain.doFilter(ServletHandler.java:1331)
	at org.eclipse.jetty.servlet.ServletHandler.doHandle(ServletHandler.java:477)
	at org.eclipse.jetty.server.handler.ScopedHandler.handle(ScopedHandler.java:119)
	at org.eclipse.jetty.security.SecurityHandler.handle(SecurityHandler.java:524)
	at org.eclipse.jetty.server.session.SessionHandler.doHandle(SessionHandler.java:227)
	at org.eclipse.jetty.server.handler.ContextHandler.doHandle(ContextHandler.java:1031)
	at org.eclipse.jetty.servlet.ServletHandler.doScope(ServletHandler.java:406)
	at org.eclipse.jetty.server.session.SessionHandler.doScope(SessionHandler.java:186)
	at org.eclipse.jetty.server.handler.ContextHandler.doScope(ContextHandler.java:965)
	at org.eclipse.jetty.server.handler.ScopedHandler.handle(ScopedHandler.java:117)
	at org.eclipse.jetty.server.handler.HandlerWrapper.handle(HandlerWrapper.java:111)
	at org.eclipse.jetty.server.Server.handle(Server.java:349)
	at org.eclipse.jetty.server.AbstractHttpConnection.handleRequest(AbstractHttpConnection.java:452)
	at org.eclipse.jetty.server.AbstractHttpConnection.headerComplete(AbstractHttpConnection.java:884)
	at org.eclipse.jetty.server.AbstractHttpConnection$RequestHandler.headerComplete(AbstractHttpConnection.java:938)
	at org.eclipse.jetty.http.HttpParser.parseNext(HttpParser.java:634)
	at org.eclipse.jetty.http.HttpParser.parseAvailable(HttpParser.java:230)
	at org.eclipse.jetty.server.AsyncHttpConnection.handle(AsyncHttpConnection.java:77)
	at org.eclipse.jetty.io.nio.SelectChannelEndPoint.handle(SelectChannelEndPoint.java:609)
	at org.eclipse.jetty.io.nio.SelectChannelEndPoint$1.run(SelectChannelEndPoint.java:45)
	at org.eclipse.jetty.util.thread.QueuedThreadPool.runJob(QueuedThreadPool.java:599)
	at org.eclipse.jetty.util.thread.QueuedThreadPool$3.run(QueuedThreadPool.java:534)
	at java.lang.Thread.run(Unknown Source)
Caused by: freemarker.core.InvalidReferenceException: Expression path is undefined on line 9, column 19 in WEB-INF/views/index.html.
	at freemarker.core.TemplateObject.assertNonNull(TemplateObject.java:124)
	at freemarker.core.ComparisonExpression.isTrue(ComparisonExpression.java:121)
	at freemarker.core.BooleanExpression._getAsTemplateModel(BooleanExpression.java:61)
	at freemarker.core.Expression.getAsTemplateModel(Expression.java:89)
	at freemarker.core.Expression.getStringValue(Expression.java:93)
	at freemarker.core.Include.accept(Include.java:110)
	at freemarker.core.Environment.visit(Environment.java:196)
	at freemarker.core.MixedContent.accept(MixedContent.java:92)
	at freemarker.core.Environment.visit(Environment.java:196)
	at freemarker.core.Environment.process(Environment.java:176)
	at freemarker.template.Template.process(Template.java:232)
	at com.jfinal.render.FreeMarkerRender.render(FreeMarkerRender.java:126)
	... 25 more

2014-03-20 14:17:04
[ERROR]-[Thread: qtp28524838-26]-[freemarker.log.Log4JLoggerFactory$Log4JLogger.error()]: 

Error reading included file WEB-INF/views/layout/layout/assets/css.html
The problematic instruction:
----------
==> include "layout/assets/css.html" [on line 3, column 9 in WEB-INF/views/layout/header.html]
 in include "layout/header.html" [on line 3, column 1 in WEB-INF/views/index.html]
----------

Java backtrace for programmers:
----------
freemarker.template.TemplateException: Error reading included file WEB-INF/views/layout/layout/assets/css.html
	at freemarker.core.Include.accept(Include.java:153)
	at freemarker.core.Environment.visit(Environment.java:196)
	at freemarker.core.MixedContent.accept(MixedContent.java:92)
	at freemarker.core.Environment.visit(Environment.java:196)
	at freemarker.core.Environment.include(Environment.java:1375)
	at freemarker.core.Include.accept(Include.java:155)
	at freemarker.core.Environment.visit(Environment.java:196)
	at freemarker.core.MixedContent.accept(MixedContent.java:92)
	at freemarker.core.Environment.visit(Environment.java:196)
	at freemarker.core.Environment.process(Environment.java:176)
	at freemarker.template.Template.process(Template.java:232)
	at com.jfinal.render.FreeMarkerRender.render(FreeMarkerRender.java:126)
	at com.jfinal.core.ActionHandler.handle(ActionHandler.java:92)
	at net.wincn.handler.HtmlExtensionHandler.handle(HtmlExtensionHandler.java:15)
	at com.jfinal.core.JFinalFilter.doFilter(JFinalFilter.java:72)
	at org.eclipse.jetty.servlet.ServletHandler$CachedChain.doFilter(ServletHandler.java:1331)
	at org.eclipse.jetty.servlet.ServletHandler.doHandle(ServletHandler.java:477)
	at org.eclipse.jetty.server.handler.ScopedHandler.handle(ScopedHandler.java:119)
	at org.eclipse.jetty.security.SecurityHandler.handle(SecurityHandler.java:524)
	at org.eclipse.jetty.server.session.SessionHandler.doHandle(SessionHandler.java:227)
	at org.eclipse.jetty.server.handler.ContextHandler.doHandle(ContextHandler.java:1031)
	at org.eclipse.jetty.servlet.ServletHandler.doScope(ServletHandler.java:406)
	at org.eclipse.jetty.server.session.SessionHandler.doScope(SessionHandler.java:186)
	at org.eclipse.jetty.server.handler.ContextHandler.doScope(ContextHandler.java:965)
	at org.eclipse.jetty.server.handler.ScopedHandler.handle(ScopedHandler.java:117)
	at org.eclipse.jetty.server.handler.HandlerWrapper.handle(HandlerWrapper.java:111)
	at org.eclipse.jetty.server.Server.handle(Server.java:349)
	at org.eclipse.jetty.server.AbstractHttpConnection.handleRequest(AbstractHttpConnection.java:452)
	at org.eclipse.jetty.server.AbstractHttpConnection.headerComplete(AbstractHttpConnection.java:884)
	at org.eclipse.jetty.server.AbstractHttpConnection$RequestHandler.headerComplete(AbstractHttpConnection.java:938)
	at org.eclipse.jetty.http.HttpParser.parseNext(HttpParser.java:634)
	at org.eclipse.jetty.http.HttpParser.parseAvailable(HttpParser.java:230)
	at org.eclipse.jetty.server.AsyncHttpConnection.handle(AsyncHttpConnection.java:77)
	at org.eclipse.jetty.io.nio.SelectChannelEndPoint.handle(SelectChannelEndPoint.java:609)
	at org.eclipse.jetty.io.nio.SelectChannelEndPoint$1.run(SelectChannelEndPoint.java:45)
	at org.eclipse.jetty.util.thread.QueuedThreadPool.runJob(QueuedThreadPool.java:599)
	at org.eclipse.jetty.util.thread.QueuedThreadPool$3.run(QueuedThreadPool.java:534)
	at java.lang.Thread.run(Unknown Source)
Caused by: java.io.FileNotFoundException: Template WEB-INF/views/layout/layout/assets/css.html not found.
	at freemarker.template.Configuration.getTemplate(Configuration.java:489)
	at freemarker.core.Environment.getTemplateForInclusion(Environment.java:1357)
	at freemarker.core.Include.accept(Include.java:143)
	... 37 more

2014-03-20 14:17:04
[ERROR]-[Thread: qtp28524838-26]-[com.jfinal.core.ActionHandler.handle()]: /
com.jfinal.render.RenderException: freemarker.template.TemplateException: Error reading included file WEB-INF/views/layout/layout/assets/css.html
	at com.jfinal.render.FreeMarkerRender.render(FreeMarkerRender.java:128)
	at com.jfinal.core.ActionHandler.handle(ActionHandler.java:92)
	at net.wincn.handler.HtmlExtensionHandler.handle(HtmlExtensionHandler.java:15)
	at com.jfinal.core.JFinalFilter.doFilter(JFinalFilter.java:72)
	at org.eclipse.jetty.servlet.ServletHandler$CachedChain.doFilter(ServletHandler.java:1331)
	at org.eclipse.jetty.servlet.ServletHandler.doHandle(ServletHandler.java:477)
	at org.eclipse.jetty.server.handler.ScopedHandler.handle(ScopedHandler.java:119)
	at org.eclipse.jetty.security.SecurityHandler.handle(SecurityHandler.java:524)
	at org.eclipse.jetty.server.session.SessionHandler.doHandle(SessionHandler.java:227)
	at org.eclipse.jetty.server.handler.ContextHandler.doHandle(ContextHandler.java:1031)
	at org.eclipse.jetty.servlet.ServletHandler.doScope(ServletHandler.java:406)
	at org.eclipse.jetty.server.session.SessionHandler.doScope(SessionHandler.java:186)
	at org.eclipse.jetty.server.handler.ContextHandler.doScope(ContextHandler.java:965)
	at org.eclipse.jetty.server.handler.ScopedHandler.handle(ScopedHandler.java:117)
	at org.eclipse.jetty.server.handler.HandlerWrapper.handle(HandlerWrapper.java:111)
	at org.eclipse.jetty.server.Server.handle(Server.java:349)
	at org.eclipse.jetty.server.AbstractHttpConnection.handleRequest(AbstractHttpConnection.java:452)
	at org.eclipse.jetty.server.AbstractHttpConnection.headerComplete(AbstractHttpConnection.java:884)
	at org.eclipse.jetty.server.AbstractHttpConnection$RequestHandler.headerComplete(AbstractHttpConnection.java:938)
	at org.eclipse.jetty.http.HttpParser.parseNext(HttpParser.java:634)
	at org.eclipse.jetty.http.HttpParser.parseAvailable(HttpParser.java:230)
	at org.eclipse.jetty.server.AsyncHttpConnection.handle(AsyncHttpConnection.java:77)
	at org.eclipse.jetty.io.nio.SelectChannelEndPoint.handle(SelectChannelEndPoint.java:609)
	at org.eclipse.jetty.io.nio.SelectChannelEndPoint$1.run(SelectChannelEndPoint.java:45)
	at org.eclipse.jetty.util.thread.QueuedThreadPool.runJob(QueuedThreadPool.java:599)
	at org.eclipse.jetty.util.thread.QueuedThreadPool$3.run(QueuedThreadPool.java:534)
	at java.lang.Thread.run(Unknown Source)
Caused by: freemarker.template.TemplateException: Error reading included file WEB-INF/views/layout/layout/assets/css.html
	at freemarker.core.Include.accept(Include.java:153)
	at freemarker.core.Environment.visit(Environment.java:196)
	at freemarker.core.MixedContent.accept(MixedContent.java:92)
	at freemarker.core.Environment.visit(Environment.java:196)
	at freemarker.core.Environment.include(Environment.java:1375)
	at freemarker.core.Include.accept(Include.java:155)
	at freemarker.core.Environment.visit(Environment.java:196)
	at freemarker.core.MixedContent.accept(MixedContent.java:92)
	at freemarker.core.Environment.visit(Environment.java:196)
	at freemarker.core.Environment.process(Environment.java:176)
	at freemarker.template.Template.process(Template.java:232)
	at com.jfinal.render.FreeMarkerRender.render(FreeMarkerRender.java:126)
	... 26 more
Caused by: java.io.FileNotFoundException: Template WEB-INF/views/layout/layout/assets/css.html not found.
	at freemarker.template.Configuration.getTemplate(Configuration.java:489)
	at freemarker.core.Environment.getTemplateForInclusion(Environment.java:1357)
	at freemarker.core.Include.accept(Include.java:143)
	... 37 more
